Tue Nov 21 2017 20:38:29 GMT+0200 (EET) : GET  /about
Tue Nov 21 2017 20:38:30 GMT+0200 (EET) : GET  /about
Tue Nov 21 2017 20:38:31 GMT+0200 (EET) : GET  /
Tue Nov 21 2017 20:38:32 GMT+0200 (EET) : GET  /about
Tue Nov 21 2017 20:38:32 GMT+0200 (EET) : GET  /
Tue Nov 21 2017 20:38:41 GMT+0200 (EET) : GET  /
Tue Nov 21 2017 20:39:06 GMT+0200 (EET) : GET  /
Tue Nov 21 2017 20:39:07 GMT+0200 (EET) : GET  /
Tue Nov 21 2017 20:39:14 GMT+0200 (EET) : GET  /about
Tue Nov 21 2017 20:40:06 GMT+0200 (EET) : GET  /about
Tue Nov 21 2017 20:47:08 GMT+0200 (EET) : GET  /about
Tue Nov 21 2017 20:48:19 GMT+0200 (EET) : GET  /about
Tue Nov 21 2017 20:48:20 GMT+0200 (EET) : GET  /about
Tue Nov 21 2017 20:48:33 GMT+0200 (EET) : GET  /about
Tue Nov 21 2017 20:51:34 GMT+0200 (EET) : GET  /about
Tue Nov 21 2017 20:51:35 GMT+0200 (EET) : GET  /about
Tue Nov 21 2017 20:51:36 GMT+0200 (EET) : GET  /about
Tue Nov 21 2017 20:51:36 GMT+0200 (EET) : GET  /
Tue Nov 21 2017 20:51:37 GMT+0200 (EET) : GET  /about
Tue Nov 21 2017 21:17:22 GMT+0200 (EET) : GET  /about
Wed Nov 22 2017 21:37:51 GMT+0200 (EET) : GET  /
Wed Nov 22 2017 21:37:51 GMT+0200 (EET) : GET  /favicon.ico
Wed Nov 22 2017 21:37:53 GMT+0200 (EET) : GET  /about
Wed Nov 22 2017 21:37:55 GMT+0200 (EET) : GET  /
Wed Nov 22 2017 21:37:55 GMT+0200 (EET) : GET  /about
Wed Nov 22 2017 21:37:56 GMT+0200 (EET) : GET  /projects
Wed Nov 22 2017 21:37:59 GMT+0200 (EET) : GET  /
Wed Nov 22 2017 21:38:36 GMT+0200 (EET) : GET  /
Wed Nov 22 2017 21:38:37 GMT+0200 (EET) : GET  /about
Wed Nov 22 2017 21:38:38 GMT+0200 (EET) : GET  /projects
Wed Nov 22 2017 21:39:30 GMT+0200 (EET) : GET  /projects
Wed Nov 22 2017 21:39:42 GMT+0200 (EET) : GET  /
Wed Nov 22 2017 21:39:43 GMT+0200 (EET) : GET  /about
Wed Nov 22 2017 21:39:44 GMT+0200 (EET) : GET  /
Wed Nov 22 2017 21:39:45 GMT+0200 (EET) : GET  /about
Wed Nov 22 2017 21:39:45 GMT+0200 (EET) : GET  /projects
Wed Nov 22 2017 21:39:47 GMT+0200 (EET) : GET  /
Wed Nov 22 2017 21:40:18 GMT+0200 (EET) : GET  /
Wed Nov 22 2017 21:40:19 GMT+0200 (EET) : GET  /about
Wed Nov 22 2017 21:40:20 GMT+0200 (EET) : GET  /projects
Wed Nov 22 2017 21:40:21 GMT+0200 (EET) : GET  /about
Wed Nov 22 2017 21:40:21 GMT+0200 (EET) : GET  /
Wed Nov 22 2017 21:40:22 GMT+0200 (EET) : GET  /about
Wed Nov 22 2017 21:40:22 GMT+0200 (EET) : GET  /projects
